<?xml version="1.0" encoding="UTF-8"?>
<testsuite xmlns:xsi="http://www.w3.org/2001/XMLSchema-instance" xsi:noNamespaceSchemaLocation="https://maven.apache.org/surefire/maven-surefire-plugin/xsd/surefire-test-report.xsd" version="3.0.1" name="TestSuite" time="126.454" tests="10" errors="0" skipped="0" failures="0">
  <properties>
    <property name="java.specification.version" value="21"/>
    <property name="sun.cpu.isalist" value="amd64"/>
    <property name="sun.jnu.encoding" value="Cp1252"/>
    <property name="java.class.path" value="C:\Users\sushm\eclipse-workspace\FreeCRMTest\target\test-classes;C:\Users\sushm\eclipse-workspace\FreeCRMTest\target\classes;C:\Users\sushm\.m2\repository\org\seleniumhq\selenium\selenium-java\4.35.0\selenium-java-4.35.0.jar;C:\Users\sushm\.m2\repository\org\seleniumhq\selenium\selenium-api\4.35.0\selenium-api-4.35.0.jar;C:\Users\sushm\.m2\repository\org\jspecify\jspecify\1.0.0\jspecify-1.0.0.jar;C:\Users\sushm\.m2\repository\org\seleniumhq\selenium\selenium-chrome-driver\4.35.0\selenium-chrome-driver-4.35.0.jar;C:\Users\sushm\.m2\repository\com\google\auto\service\auto-service-annotations\1.1.1\auto-service-annotations-1.1.1.jar;C:\Users\sushm\.m2\repository\org\seleniumhq\selenium\selenium-chromium-driver\4.35.0\selenium-chromium-driver-4.35.0.jar;C:\Users\sushm\.m2\repository\org\seleniumhq\selenium\selenium-json\4.35.0\selenium-json-4.35.0.jar;C:\Users\sushm\.m2\repository\org\seleniumhq\selenium\selenium-manager\4.35.0\selenium-manager-4.35.0.jar;C:\Users\sushm\.m2\repository\org\seleniumhq\selenium\selenium-devtools-v137\4.35.0\selenium-devtools-v137-4.35.0.jar;C:\Users\sushm\.m2\repository\org\seleniumhq\selenium\selenium-devtools-v138\4.35.0\selenium-devtools-v138-4.35.0.jar;C:\Users\sushm\.m2\repository\org\seleniumhq\selenium\selenium-devtools-v139\4.35.0\selenium-devtools-v139-4.35.0.jar;C:\Users\sushm\.m2\repository\org\seleniumhq\selenium\selenium-edge-driver\4.35.0\selenium-edge-driver-4.35.0.jar;C:\Users\sushm\.m2\repository\org\seleniumhq\selenium\selenium-firefox-driver\4.35.0\selenium-firefox-driver-4.35.0.jar;C:\Users\sushm\.m2\repository\org\seleniumhq\selenium\selenium-http\4.35.0\selenium-http-4.35.0.jar;C:\Users\sushm\.m2\repository\org\seleniumhq\selenium\selenium-ie-driver\4.35.0\selenium-ie-driver-4.35.0.jar;C:\Users\sushm\.m2\repository\org\seleniumhq\selenium\selenium-remote-driver\4.35.0\selenium-remote-driver-4.35.0.jar;C:\Users\sushm\.m2\repository\com\google\guava\guava\33.4.8-jre\guava-33.4.8-jre.jar;C:\Users\sushm\.m2\repository\com\google\guava\failureaccess\1.0.3\failureaccess-1.0.3.jar;C:\Users\sushm\.m2\repository\com\google\guava\listenablefuture\9999.0-empty-to-avoid-conflict-with-guava\listenablefuture-9999.0-empty-to-avoid-conflict-with-guava.jar;C:\Users\sushm\.m2\repository\com\google\errorprone\error_prone_annotations\2.36.0\error_prone_annotations-2.36.0.jar;C:\Users\sushm\.m2\repository\com\google\j2objc\j2objc-annotations\3.0.0\j2objc-annotations-3.0.0.jar;C:\Users\sushm\.m2\repository\io\opentelemetry\opentelemetry-api\1.53.0\opentelemetry-api-1.53.0.jar;C:\Users\sushm\.m2\repository\io\opentelemetry\opentelemetry-context\1.53.0\opentelemetry-context-1.53.0.jar;C:\Users\sushm\.m2\repository\io\opentelemetry\opentelemetry-common\1.53.0\opentelemetry-common-1.53.0.jar;C:\Users\sushm\.m2\repository\io\opentelemetry\opentelemetry-exporter-logging\1.53.0\opentelemetry-exporter-logging-1.53.0.jar;C:\Users\sushm\.m2\repository\io\opentelemetry\opentelemetry-sdk-common\1.53.0\opentelemetry-sdk-common-1.53.0.jar;C:\Users\sushm\.m2\repository\io\opentelemetry\opentelemetry-sdk-extension-autoconfigure-spi\1.53.0\opentelemetry-sdk-extension-autoconfigure-spi-1.53.0.jar;C:\Users\sushm\.m2\repository\io\opentelemetry\opentelemetry-sdk-extension-autoconfigure\1.53.0\opentelemetry-sdk-extension-autoconfigure-1.53.0.jar;C:\Users\sushm\.m2\repository\io\opentelemetry\opentelemetry-sdk-trace\1.53.0\opentelemetry-sdk-trace-1.53.0.jar;C:\Users\sushm\.m2\repository\io\opentelemetry\opentelemetry-sdk\1.53.0\opentelemetry-sdk-1.53.0.jar;C:\Users\sushm\.m2\repository\io\opentelemetry\opentelemetry-sdk-metrics\1.53.0\opentelemetry-sdk-metrics-1.53.0.jar;C:\Users\sushm\.m2\repository\io\opentelemetry\opentelemetry-sdk-logs\1.53.0\opentelemetry-sdk-logs-1.53.0.jar;C:\Users\sushm\.m2\repository\net\bytebuddy\byte-buddy\1.17.6\byte-buddy-1.17.6.jar;C:\Users\sushm\.m2\repository\org\seleniumhq\selenium\selenium-os\4.35.0\selenium-os-4.35.0.jar;C:\Users\sushm\.m2\repository\org\apache\commons\commons-exec\1.5.0\commons-exec-1.5.0.jar;C:\Users\sushm\.m2\repository\org\seleniumhq\selenium\selenium-safari-driver\4.35.0\selenium-safari-driver-4.35.0.jar;C:\Users\sushm\.m2\repository\org\seleniumhq\selenium\selenium-support\4.35.0\selenium-support-4.35.0.jar;C:\Users\sushm\.m2\repository\org\testng\testng\7.11.0\testng-7.11.0.jar;C:\Users\sushm\.m2\repository\org\slf4j\slf4j-api\2.0.16\slf4j-api-2.0.16.jar;C:\Users\sushm\.m2\repository\org\jcommander\jcommander\1.83\jcommander-1.83.jar;C:\Users\sushm\.m2\repository\org\webjars\jquery\3.7.1\jquery-3.7.1.jar;C:\Users\sushm\.m2\repository\org\apache\poi\poi\5.4.1\poi-5.4.1.jar;C:\Users\sushm\.m2\repository\commons-codec\commons-codec\1.18.0\commons-codec-1.18.0.jar;C:\Users\sushm\.m2\repository\org\apache\commons\commons-collections4\4.4\commons-collections4-4.4.jar;C:\Users\sushm\.m2\repository\org\apache\commons\commons-math3\3.6.1\commons-math3-3.6.1.jar;C:\Users\sushm\.m2\repository\commons-io\commons-io\2.18.0\commons-io-2.18.0.jar;C:\Users\sushm\.m2\repository\com\zaxxer\SparseBitSet\1.3\SparseBitSet-1.3.jar;C:\Users\sushm\.m2\repository\org\apache\poi\poi-ooxml\5.2.3\poi-ooxml-5.2.3.jar;C:\Users\sushm\.m2\repository\org\apache\poi\poi-ooxml-lite\5.2.3\poi-ooxml-lite-5.2.3.jar;C:\Users\sushm\.m2\repository\org\apache\xmlbeans\xmlbeans\5.1.1\xmlbeans-5.1.1.jar;C:\Users\sushm\.m2\repository\org\apache\commons\commons-compress\1.21\commons-compress-1.21.jar;C:\Users\sushm\.m2\repository\com\github\virtuald\curvesapi\1.07\curvesapi-1.07.jar;C:\Users\sushm\.m2\repository\org\apache\logging\log4j\log4j-api\2.16.0\log4j-api-2.16.0.jar;C:\Users\sushm\.m2\repository\com\aventstack\extentreports\5.1.2\extentreports-5.1.2.jar;C:\Users\sushm\.m2\repository\io\reactivex\rxjava3\rxjava\3.1.6\rxjava-3.1.6.jar;C:\Users\sushm\.m2\repository\org\reactivestreams\reactive-streams\1.0.4\reactive-streams-1.0.4.jar;C:\Users\sushm\.m2\repository\org\freemarker\freemarker\2.3.32\freemarker-2.3.32.jar;C:\Users\sushm\.m2\repository\org\projectlombok\lombok\1.18.26\lombok-1.18.26.jar;C:\Users\sushm\.m2\repository\com\google\code\gson\gson\2.10.1\gson-2.10.1.jar;"/>
    <property name="java.vm.vendor" value="Oracle Corporation"/>
    <property name="sun.arch.data.model" value="64"/>
    <property name="user.variant" value=""/>
    <property name="java.vendor.url" value="https://java.oracle.com/"/>
    <property name="user.timezone" value="America/New_York"/>
    <property name="os.name" value="Windows 11"/>
    <property name="java.vm.specification.version" value="21"/>
    <property name="sun.java.launcher" value="SUN_STANDARD"/>
    <property name="user.country" value="US"/>
    <property name="sun.boot.library.path" value="C:\Program Files\Java\jdk-21\bin"/>
    <property name="sun.java.command" value="C:\Users\sushm\AppData\Local\Temp\surefire7317264376797111811\surefirebooter-20250924221605201_3.jar C:\Users\sushm\AppData\Local\Temp\surefire7317264376797111811 2025-09-24T22-16-04_179-jvmRun1 surefire-20250924221605201_1tmp surefire_0-20250924221605201_2tmp"/>
    <property name="jdk.debug" value="release"/>
    <property name="surefire.test.class.path" value="C:\Users\sushm\eclipse-workspace\FreeCRMTest\target\test-classes;C:\Users\sushm\eclipse-workspace\FreeCRMTest\target\classes;C:\Users\sushm\.m2\repository\org\seleniumhq\selenium\selenium-java\4.35.0\selenium-java-4.35.0.jar;C:\Users\sushm\.m2\repository\org\seleniumhq\selenium\selenium-api\4.35.0\selenium-api-4.35.0.jar;C:\Users\sushm\.m2\repository\org\jspecify\jspecify\1.0.0\jspecify-1.0.0.jar;C:\Users\sushm\.m2\repository\org\seleniumhq\selenium\selenium-chrome-driver\4.35.0\selenium-chrome-driver-4.35.0.jar;C:\Users\sushm\.m2\repository\com\google\auto\service\auto-service-annotations\1.1.1\auto-service-annotations-1.1.1.jar;C:\Users\sushm\.m2\repository\org\seleniumhq\selenium\selenium-chromium-driver\4.35.0\selenium-chromium-driver-4.35.0.jar;C:\Users\sushm\.m2\repository\org\seleniumhq\selenium\selenium-json\4.35.0\selenium-json-4.35.0.jar;C:\Users\sushm\.m2\repository\org\seleniumhq\selenium\selenium-manager\4.35.0\selenium-manager-4.35.0.jar;C:\Users\sushm\.m2\repository\org\seleniumhq\selenium\selenium-devtools-v137\4.35.0\selenium-devtools-v137-4.35.0.jar;C:\Users\sushm\.m2\repository\org\seleniumhq\selenium\selenium-devtools-v138\4.35.0\selenium-devtools-v138-4.35.0.jar;C:\Users\sushm\.m2\repository\org\seleniumhq\selenium\selenium-devtools-v139\4.35.0\selenium-devtools-v139-4.35.0.jar;C:\Users\sushm\.m2\repository\org\seleniumhq\selenium\selenium-edge-driver\4.35.0\selenium-edge-driver-4.35.0.jar;C:\Users\sushm\.m2\repository\org\seleniumhq\selenium\selenium-firefox-driver\4.35.0\selenium-firefox-driver-4.35.0.jar;C:\Users\sushm\.m2\repository\org\seleniumhq\selenium\selenium-http\4.35.0\selenium-http-4.35.0.jar;C:\Users\sushm\.m2\repository\org\seleniumhq\selenium\selenium-ie-driver\4.35.0\selenium-ie-driver-4.35.0.jar;C:\Users\sushm\.m2\repository\org\seleniumhq\selenium\selenium-remote-driver\4.35.0\selenium-remote-driver-4.35.0.jar;C:\Users\sushm\.m2\repository\com\google\guava\guava\33.4.8-jre\guava-33.4.8-jre.jar;C:\Users\sushm\.m2\repository\com\google\guava\failureaccess\1.0.3\failureaccess-1.0.3.jar;C:\Users\sushm\.m2\repository\com\google\guava\listenablefuture\9999.0-empty-to-avoid-conflict-with-guava\listenablefuture-9999.0-empty-to-avoid-conflict-with-guava.jar;C:\Users\sushm\.m2\repository\com\google\errorprone\error_prone_annotations\2.36.0\error_prone_annotations-2.36.0.jar;C:\Users\sushm\.m2\repository\com\google\j2objc\j2objc-annotations\3.0.0\j2objc-annotations-3.0.0.jar;C:\Users\sushm\.m2\repository\io\opentelemetry\opentelemetry-api\1.53.0\opentelemetry-api-1.53.0.jar;C:\Users\sushm\.m2\repository\io\opentelemetry\opentelemetry-context\1.53.0\opentelemetry-context-1.53.0.jar;C:\Users\sushm\.m2\repository\io\opentelemetry\opentelemetry-common\1.53.0\opentelemetry-common-1.53.0.jar;C:\Users\sushm\.m2\repository\io\opentelemetry\opentelemetry-exporter-logging\1.53.0\opentelemetry-exporter-logging-1.53.0.jar;C:\Users\sushm\.m2\repository\io\opentelemetry\opentelemetry-sdk-common\1.53.0\opentelemetry-sdk-common-1.53.0.jar;C:\Users\sushm\.m2\repository\io\opentelemetry\opentelemetry-sdk-extension-autoconfigure-spi\1.53.0\opentelemetry-sdk-extension-autoconfigure-spi-1.53.0.jar;C:\Users\sushm\.m2\repository\io\opentelemetry\opentelemetry-sdk-extension-autoconfigure\1.53.0\opentelemetry-sdk-extension-autoconfigure-1.53.0.jar;C:\Users\sushm\.m2\repository\io\opentelemetry\opentelemetry-sdk-trace\1.53.0\opentelemetry-sdk-trace-1.53.0.jar;C:\Users\sushm\.m2\repository\io\opentelemetry\opentelemetry-sdk\1.53.0\opentelemetry-sdk-1.53.0.jar;C:\Users\sushm\.m2\repository\io\opentelemetry\opentelemetry-sdk-metrics\1.53.0\opentelemetry-sdk-metrics-1.53.0.jar;C:\Users\sushm\.m2\repository\io\opentelemetry\opentelemetry-sdk-logs\1.53.0\opentelemetry-sdk-logs-1.53.0.jar;C:\Users\sushm\.m2\repository\net\bytebuddy\byte-buddy\1.17.6\byte-buddy-1.17.6.jar;C:\Users\sushm\.m2\repository\org\seleniumhq\selenium\selenium-os\4.35.0\selenium-os-4.35.0.jar;C:\Users\sushm\.m2\repository\org\apache\commons\commons-exec\1.5.0\commons-exec-1.5.0.jar;C:\Users\sushm\.m2\repository\org\seleniumhq\selenium\selenium-safari-driver\4.35.0\selenium-safari-driver-4.35.0.jar;C:\Users\sushm\.m2\repository\org\seleniumhq\selenium\selenium-support\4.35.0\selenium-support-4.35.0.jar;C:\Users\sushm\.m2\repository\org\testng\testng\7.11.0\testng-7.11.0.jar;C:\Users\sushm\.m2\repository\org\slf4j\slf4j-api\2.0.16\slf4j-api-2.0.16.jar;C:\Users\sushm\.m2\repository\org\jcommander\jcommander\1.83\jcommander-1.83.jar;C:\Users\sushm\.m2\repository\org\webjars\jquery\3.7.1\jquery-3.7.1.jar;C:\Users\sushm\.m2\repository\org\apache\poi\poi\5.4.1\poi-5.4.1.jar;C:\Users\sushm\.m2\repository\commons-codec\commons-codec\1.18.0\commons-codec-1.18.0.jar;C:\Users\sushm\.m2\repository\org\apache\commons\commons-collections4\4.4\commons-collections4-4.4.jar;C:\Users\sushm\.m2\repository\org\apache\commons\commons-math3\3.6.1\commons-math3-3.6.1.jar;C:\Users\sushm\.m2\repository\commons-io\commons-io\2.18.0\commons-io-2.18.0.jar;C:\Users\sushm\.m2\repository\com\zaxxer\SparseBitSet\1.3\SparseBitSet-1.3.jar;C:\Users\sushm\.m2\repository\org\apache\poi\poi-ooxml\5.2.3\poi-ooxml-5.2.3.jar;C:\Users\sushm\.m2\repository\org\apache\poi\poi-ooxml-lite\5.2.3\poi-ooxml-lite-5.2.3.jar;C:\Users\sushm\.m2\repository\org\apache\xmlbeans\xmlbeans\5.1.1\xmlbeans-5.1.1.jar;C:\Users\sushm\.m2\repository\org\apache\commons\commons-compress\1.21\commons-compress-1.21.jar;C:\Users\sushm\.m2\repository\com\github\virtuald\curvesapi\1.07\curvesapi-1.07.jar;C:\Users\sushm\.m2\repository\org\apache\logging\log4j\log4j-api\2.16.0\log4j-api-2.16.0.jar;C:\Users\sushm\.m2\repository\com\aventstack\extentreports\5.1.2\extentreports-5.1.2.jar;C:\Users\sushm\.m2\repository\io\reactivex\rxjava3\rxjava\3.1.6\rxjava-3.1.6.jar;C:\Users\sushm\.m2\repository\org\reactivestreams\reactive-streams\1.0.4\reactive-streams-1.0.4.jar;C:\Users\sushm\.m2\repository\org\freemarker\freemarker\2.3.32\freemarker-2.3.32.jar;C:\Users\sushm\.m2\repository\org\projectlombok\lombok\1.18.26\lombok-1.18.26.jar;C:\Users\sushm\.m2\repository\com\google\code\gson\gson\2.10.1\gson-2.10.1.jar;"/>
    <property name="sun.cpu.endian" value="little"/>
    <property name="user.home" value="C:\Users\sushm"/>
    <property name="user.language" value="en"/>
    <property name="java.specification.vendor" value="Oracle Corporation"/>
    <property name="java.version.date" value="2025-07-15"/>
    <property name="java.home" value="C:\Program Files\Java\jdk-21"/>
    <property name="file.separator" value="\"/>
    <property name="basedir" value="C:\Users\sushm\eclipse-workspace\FreeCRMTest"/>
    <property name="java.vm.compressedOopsMode" value="Zero based"/>
    <property name="line.separator" value="&#10;"/>
    <property name="java.vm.specification.vendor" value="Oracle Corporation"/>
    <property name="java.specification.name" value="Java Platform API Specification"/>
    <property name="surefire.real.class.path" value="C:\Users\sushm\AppData\Local\Temp\surefire7317264376797111811\surefirebooter-20250924221605201_3.jar"/>
    <property name="user.script" value=""/>
    <property name="sun.management.compiler" value="HotSpot 64-Bit Tiered Compilers"/>
    <property name="java.runtime.version" value="21.0.8+12-LTS-250"/>
    <property name="user.name" value="sushm"/>
    <property name="stdout.encoding" value="Cp1252"/>
    <property name="path.separator" value=";"/>
    <property name="os.version" value="10.0"/>
    <property name="java.runtime.name" value="Java(TM) SE Runtime Environment"/>
    <property name="file.encoding" value="UTF-8"/>
    <property name="java.vm.name" value="Java HotSpot(TM) 64-Bit Server VM"/>
    <property name="localRepository" value="C:\Users\sushm\.m2\repository"/>
    <property name="java.vendor.url.bug" value="https://bugreport.java.com/bugreport/"/>
    <property name="java.io.tmpdir" value="C:\Users\sushm\AppData\Local\Temp\"/>
    <property name="java.version" value="21.0.8"/>
    <property name="user.dir" value="C:\Users\sushm\eclipse-workspace\FreeCRMTest"/>
    <property name="os.arch" value="amd64"/>
    <property name="java.vm.specification.name" value="Java Virtual Machine Specification"/>
    <property name="sun.os.patch.level" value=""/>
    <property name="native.encoding" value="Cp1252"/>
    <property name="java.library.path" value="C:\Program Files\Java\jdk-21\bin;C:\Windows\Sun\Java\bin;C:\Windows\system32;C:\Windows;C:\Users\sushm\.jenkins\tools\hudson.tasks.Maven_MavenInstallation\TestMaven/bin;C:\Program Files\Common Files\Oracle\Java\javapath;C:\Windows\system32;C:\Windows;C:\Windows\System32\Wbem;C:\Windows\System32\WindowsPowerShell\v1.0\;C:\Windows\System32\OpenSSH\;C:\Program Files\dotnet\;C:\Program Files\Java\jdk-24;C:\Users\sushm\AppData\Local\Microsoft\WindowsApps;;."/>
    <property name="java.vm.info" value="mixed mode, sharing"/>
    <property name="stderr.encoding" value="Cp1252"/>
    <property name="java.vendor" value="Oracle Corporation"/>
    <property name="java.vm.version" value="21.0.8+12-LTS-250"/>
    <property name="sun.io.unicode.encoding" value="UnicodeLittle"/>
    <property name="java.class.version" value="65.0"/>
  </properties>
  <testcase name="validateContactsLabelTest" classname="com.crm.qa.testcases.ContactsPageTest" time="0.065">
    <system-out><![CDATA[Before finding the element By.name: email
After finding the element By.name: email
Before finding the element By.name: password
After finding the element By.name: password
Before finding the element By.xpath: //div[contains(text(),'Login')]
After finding the element By.xpath: //div[contains(text(),'Login')]
Before Clicking on the element :[[ChromeDriver: chrome on windows (34f15ec501ba573d194a40799e3a14f9)] -> xpath: //div[contains(text(),'Login')]]
After clicking on the element the element is [[ChromeDriver: chrome on windows (34f15ec501ba573d194a40799e3a14f9)] -> xpath: //div[contains(text(),'Login')]]
Before finding the element By.xpath: //a[@href='/contacts']
After finding the element By.xpath: //a[@href='/contacts']
Before Clicking on the element :[[ChromeDriver: chrome on windows (34f15ec501ba573d194a40799e3a14f9)] -> xpath: //a[@href='/contacts']]
After clicking on the element the element is [[ChromeDriver: chrome on windows (34f15ec501ba573d194a40799e3a14f9)] -> xpath: //a[@href='/contacts']]
Before finding the element By.xpath: //span[contains(text(),'Contacts')]
After finding the element By.xpath: //span[contains(text(),'Contacts')]
]]></system-out>
    <system-err><![CDATA[SLF4J(W): No SLF4J providers were found.
SLF4J(W): Defaulting to no-operation (NOP) logger implementation
SLF4J(W): See https://www.slf4j.org/codes.html#noProviders for further details.
Sep 24, 2025 10:16:11 PM org.openqa.selenium.devtools.CdpVersionFinder findNearestMatch
WARNING: Unable to find an exact match for CDP version 140, returning the closest version; found: 139; Please update to a Selenium version that supports CDP version 140
]]></system-err>
  </testcase>
  <testcase name="validateSingleContactTest" classname="com.crm.qa.testcases.ContactsPageTest" time="0.35">
    <system-out><![CDATA[Before finding the element By.name: email
After finding the element By.name: email
Before finding the element By.name: password
After finding the element By.name: password
Before finding the element By.xpath: //div[contains(text(),'Login')]
After finding the element By.xpath: //div[contains(text(),'Login')]
Before Clicking on the element :[[ChromeDriver: chrome on windows (86e93e58e586e58131b8aecdb78b0608)] -> xpath: //div[contains(text(),'Login')]]
After clicking on the element the element is [[ChromeDriver: chrome on windows (86e93e58e586e58131b8aecdb78b0608)] -> xpath: //div[contains(text(),'Login')]]
Before finding the element By.xpath: //a[@href='/contacts']
After finding the element By.xpath: //a[@href='/contacts']
Before Clicking on the element :[[ChromeDriver: chrome on windows (86e93e58e586e58131b8aecdb78b0608)] -> xpath: //a[@href='/contacts']]
After clicking on the element the element is [[ChromeDriver: chrome on windows (86e93e58e586e58131b8aecdb78b0608)] -> xpath: //a[@href='/contacts']]
Before finding the element By.xpath: //a[contains(text(),'Test1 Testlast')]/parent::td//preceding-sibling::td//input[@name='id']
After finding the element By.xpath: //a[contains(text(),'Test1 Testlast')]/parent::td//preceding-sibling::td//input[@name='id']
]]></system-out>
    <system-err><![CDATA[Sep 24, 2025 10:16:25 PM org.openqa.selenium.devtools.CdpVersionFinder findNearestMatch
WARNING: Unable to find an exact match for CDP version 140, returning the closest version; found: 139; Please update to a Selenium version that supports CDP version 140
]]></system-err>
  </testcase>
  <testcase name="validateCreateContactTest[Henry, Ford, Health org](1)" classname="com.crm.qa.testcases.ContactsPageTest" time="1.663">
    <system-out><![CDATA[Before finding the element By.name: email
After finding the element By.name: email
Before finding the element By.name: password
After finding the element By.name: password
Before finding the element By.xpath: //div[contains(text(),'Login')]
After finding the element By.xpath: //div[contains(text(),'Login')]
Before Clicking on the element :[[ChromeDriver: chrome on windows (1c8de8a034946ed53e281ebb2d70ce44)] -> xpath: //div[contains(text(),'Login')]]
After clicking on the element the element is [[ChromeDriver: chrome on windows (1c8de8a034946ed53e281ebb2d70ce44)] -> xpath: //div[contains(text(),'Login')]]
Before finding the element By.xpath: //a[@href='/contacts']
After finding the element By.xpath: //a[@href='/contacts']
Before Clicking on the element :[[ChromeDriver: chrome on windows (1c8de8a034946ed53e281ebb2d70ce44)] -> xpath: //a[@href='/contacts']]
After clicking on the element the element is [[ChromeDriver: chrome on windows (1c8de8a034946ed53e281ebb2d70ce44)] -> xpath: //a[@href='/contacts']]
Before finding the element By.xpath: //button[contains(text(),'Create')]
After finding the element By.xpath: //button[contains(text(),'Create')]
Before Clicking on the element :[[ChromeDriver: chrome on windows (1c8de8a034946ed53e281ebb2d70ce44)] -> xpath: //button[contains(text(),'Create')]]
After clicking on the element the element is [[ChromeDriver: chrome on windows (1c8de8a034946ed53e281ebb2d70ce44)] -> xpath: //button[contains(text(),'Create')]]
Before finding the element By.name: first_name
After finding the element By.name: first_name
Before finding the element By.name: last_name
After finding the element By.name: last_name
Before finding the element By.name: description
After finding the element By.name: description
Before finding the element By.xpath: //button[contains(text(),'Save')]
After finding the element By.xpath: //button[contains(text(),'Save')]
Before Clicking on the element :[[ChromeDriver: chrome on windows (1c8de8a034946ed53e281ebb2d70ce44)] -> xpath: //button[contains(text(),'Save')]]
After clicking on the element the element is [[ChromeDriver: chrome on windows (1c8de8a034946ed53e281ebb2d70ce44)] -> xpath: //button[contains(text(),'Save')]]
]]></system-out>
    <system-err><![CDATA[ERROR StatusLogger Log4j2 could not find a logging implementation. Please add log4j-core to the classpath. Using SimpleLogger to log to the console...
Sep 24, 2025 10:16:40 PM org.openqa.selenium.devtools.CdpVersionFinder findNearestMatch
WARNING: Unable to find an exact match for CDP version 140, returning the closest version; found: 139; Please update to a Selenium version that supports CDP version 140
]]></system-err>
  </testcase>
  <testcase name="validateCreateContactTest[Tim , Hortons, Cafe](2)" classname="com.crm.qa.testcases.ContactsPageTest" time="1.673">
    <system-out><![CDATA[Before finding the element By.name: email
After finding the element By.name: email
Before finding the element By.name: password
After finding the element By.name: password
Before finding the element By.xpath: //div[contains(text(),'Login')]
After finding the element By.xpath: //div[contains(text(),'Login')]
Before Clicking on the element :[[ChromeDriver: chrome on windows (5daa075beeeb88152544f4c3b5bef645)] -> xpath: //div[contains(text(),'Login')]]
After clicking on the element the element is [[ChromeDriver: chrome on windows (5daa075beeeb88152544f4c3b5bef645)] -> xpath: //div[contains(text(),'Login')]]
Before finding the element By.xpath: //a[@href='/contacts']
After finding the element By.xpath: //a[@href='/contacts']
Before Clicking on the element :[[ChromeDriver: chrome on windows (5daa075beeeb88152544f4c3b5bef645)] -> xpath: //a[@href='/contacts']]
After clicking on the element the element is [[ChromeDriver: chrome on windows (5daa075beeeb88152544f4c3b5bef645)] -> xpath: //a[@href='/contacts']]
Before finding the element By.xpath: //button[contains(text(),'Create')]
After finding the element By.xpath: //button[contains(text(),'Create')]
Before Clicking on the element :[[ChromeDriver: chrome on windows (5daa075beeeb88152544f4c3b5bef645)] -> xpath: //button[contains(text(),'Create')]]
After clicking on the element the element is [[ChromeDriver: chrome on windows (5daa075beeeb88152544f4c3b5bef645)] -> xpath: //button[contains(text(),'Create')]]
Before finding the element By.name: first_name
After finding the element By.name: first_name
Before finding the element By.name: last_name
After finding the element By.name: last_name
Before finding the element By.name: description
After finding the element By.name: description
Before finding the element By.xpath: //button[contains(text(),'Save')]
After finding the element By.xpath: //button[contains(text(),'Save')]
Before Clicking on the element :[[ChromeDriver: chrome on windows (5daa075beeeb88152544f4c3b5bef645)] -> xpath: //button[contains(text(),'Save')]]
After clicking on the element the element is [[ChromeDriver: chrome on windows (5daa075beeeb88152544f4c3b5bef645)] -> xpath: //button[contains(text(),'Save')]]
]]></system-out>
    <system-err><![CDATA[Sep 24, 2025 10:16:54 PM org.openqa.selenium.devtools.CdpVersionFinder findNearestMatch
WARNING: Unable to find an exact match for CDP version 140, returning the closest version; found: 139; Please update to a Selenium version that supports CDP version 140
]]></system-err>
  </testcase>
  <testcase name="validateCreateContactTest[Ihop, Break, Rest](3)" classname="com.crm.qa.testcases.ContactsPageTest" time="1.564">
    <system-out><![CDATA[Before finding the element By.name: email
After finding the element By.name: email
Before finding the element By.name: password
After finding the element By.name: password
Before finding the element By.xpath: //div[contains(text(),'Login')]
After finding the element By.xpath: //div[contains(text(),'Login')]
Before Clicking on the element :[[ChromeDriver: chrome on windows (9cbb96f4ca5bdd8c101bbf809004cb1b)] -> xpath: //div[contains(text(),'Login')]]
After clicking on the element the element is [[ChromeDriver: chrome on windows (9cbb96f4ca5bdd8c101bbf809004cb1b)] -> xpath: //div[contains(text(),'Login')]]
Before finding the element By.xpath: //a[@href='/contacts']
After finding the element By.xpath: //a[@href='/contacts']
Before Clicking on the element :[[ChromeDriver: chrome on windows (9cbb96f4ca5bdd8c101bbf809004cb1b)] -> xpath: //a[@href='/contacts']]
After clicking on the element the element is [[ChromeDriver: chrome on windows (9cbb96f4ca5bdd8c101bbf809004cb1b)] -> xpath: //a[@href='/contacts']]
Before finding the element By.xpath: //button[contains(text(),'Create')]
After finding the element By.xpath: //button[contains(text(),'Create')]
Before Clicking on the element :[[ChromeDriver: chrome on windows (9cbb96f4ca5bdd8c101bbf809004cb1b)] -> xpath: //button[contains(text(),'Create')]]
After clicking on the element the element is [[ChromeDriver: chrome on windows (9cbb96f4ca5bdd8c101bbf809004cb1b)] -> xpath: //button[contains(text(),'Create')]]
Before finding the element By.name: first_name
After finding the element By.name: first_name
Before finding the element By.name: last_name
After finding the element By.name: last_name
Before finding the element By.name: description
After finding the element By.name: description
Before finding the element By.xpath: //button[contains(text(),'Save')]
After finding the element By.xpath: //button[contains(text(),'Save')]
Before Clicking on the element :[[ChromeDriver: chrome on windows (9cbb96f4ca5bdd8c101bbf809004cb1b)] -> xpath: //button[contains(text(),'Save')]]
After clicking on the element the element is [[ChromeDriver: chrome on windows (9cbb96f4ca5bdd8c101bbf809004cb1b)] -> xpath: //button[contains(text(),'Save')]]
]]></system-out>
    <system-err><![CDATA[Sep 24, 2025 10:17:08 PM org.openqa.selenium.devtools.CdpVersionFinder findNearestMatch
WARNING: Unable to find an exact match for CDP version 140, returning the closest version; found: 139; Please update to a Selenium version that supports CDP version 140
]]></system-err>
  </testcase>
  <testcase name="validateUserNameTest" classname="com.crm.qa.testcases.HomePageTest" time="0.816">
    <system-out><![CDATA[Before finding the element By.name: email
After finding the element By.name: email
Before finding the element By.name: password
After finding the element By.name: password
Before finding the element By.xpath: //div[contains(text(),'Login')]
After finding the element By.xpath: //div[contains(text(),'Login')]
Before Clicking on the element :[[ChromeDriver: chrome on windows (5e0561b72d6bb6f4d365dd2c089f1756)] -> xpath: //div[contains(text(),'Login')]]
After clicking on the element the element is [[ChromeDriver: chrome on windows (5e0561b72d6bb6f4d365dd2c089f1756)] -> xpath: //div[contains(text(),'Login')]]
Before finding the element By.xpath: //span[contains(@class,'user-display')]
After finding the element By.xpath: //span[contains(@class,'user-display')]
]]></system-out>
    <system-err><![CDATA[Sep 24, 2025 10:17:22 PM org.openqa.selenium.devtools.CdpVersionFinder findNearestMatch
WARNING: Unable to find an exact match for CDP version 140, returning the closest version; found: 139; Please update to a Selenium version that supports CDP version 140
]]></system-err>
  </testcase>
  <testcase name="validateContactsLinkTest" classname="com.crm.qa.testcases.HomePageTest" time="1.057">
    <system-out><![CDATA[Before finding the element By.name: email
After finding the element By.name: email
Before finding the element By.name: password
After finding the element By.name: password
Before finding the element By.xpath: //div[contains(text(),'Login')]
After finding the element By.xpath: //div[contains(text(),'Login')]
Before Clicking on the element :[[ChromeDriver: chrome on windows (f1c0158285e3b4166bf274ebca44b1fd)] -> xpath: //div[contains(text(),'Login')]]
After clicking on the element the element is [[ChromeDriver: chrome on windows (f1c0158285e3b4166bf274ebca44b1fd)] -> xpath: //div[contains(text(),'Login')]]
Before finding the element By.xpath: //a[@href='/contacts']
After finding the element By.xpath: //a[@href='/contacts']
Before Clicking on the element :[[ChromeDriver: chrome on windows (f1c0158285e3b4166bf274ebca44b1fd)] -> xpath: //a[@href='/contacts']]
After clicking on the element the element is [[ChromeDriver: chrome on windows (f1c0158285e3b4166bf274ebca44b1fd)] -> xpath: //a[@href='/contacts']]
]]></system-out>
    <system-err><![CDATA[Sep 24, 2025 10:17:33 PM org.openqa.selenium.devtools.CdpVersionFinder findNearestMatch
WARNING: Unable to find an exact match for CDP version 140, returning the closest version; found: 139; Please update to a Selenium version that supports CDP version 140
]]></system-err>
  </testcase>
  <testcase name="loginPageTitleTest" classname="com.crm.qa.testcases.LoginPageTest" time="0.028">
    <system-err><![CDATA[Sep 24, 2025 10:17:45 PM org.openqa.selenium.devtools.CdpVersionFinder findNearestMatch
WARNING: Unable to find an exact match for CDP version 140, returning the closest version; found: 139; Please update to a Selenium version that supports CDP version 140
]]></system-err>
  </testcase>
  <testcase name="loginPageNavigation" classname="com.crm.qa.testcases.LoginPageTest" time="4.192">
    <system-out><![CDATA[Before finding the element By.xpath: //a[@href='https://ui.freecrm.com/register/']
After finding the element By.xpath: //a[@href='https://ui.freecrm.com/register/']
Before Clicking on the element :[[ChromeDriver: chrome on windows (c9b73e13551fd41ba87ccb30f3d4a46d)] -> xpath: //a[@href='https://ui.freecrm.com/register/']]
After clicking on the element the element is [[ChromeDriver: chrome on windows (c9b73e13551fd41ba87ccb30f3d4a46d)] -> xpath: //a[@href='https://ui.freecrm.com/register/']]
]]></system-out>
    <system-err><![CDATA[Sep 24, 2025 10:17:52 PM org.openqa.selenium.devtools.CdpVersionFinder findNearestMatch
WARNING: Unable to find an exact match for CDP version 140, returning the closest version; found: 139; Please update to a Selenium version that supports CDP version 140
]]></system-err>
  </testcase>
  <testcase name="login" classname="com.crm.qa.testcases.LoginPageTest" time="4.737">
    <system-out><![CDATA[Before finding the element By.name: email
After finding the element By.name: email
Before finding the element By.name: password
After finding the element By.name: password
Before finding the element By.xpath: //div[contains(text(),'Login')]
After finding the element By.xpath: //div[contains(text(),'Login')]
Before Clicking on the element :[[ChromeDriver: chrome on windows (94bb9c0f843404e4fcc237ba42055263)] -> xpath: //div[contains(text(),'Login')]]
After clicking on the element the element is [[ChromeDriver: chrome on windows (94bb9c0f843404e4fcc237ba42055263)] -> xpath: //div[contains(text(),'Login')]]
]]></system-out>
    <system-err><![CDATA[Sep 24, 2025 10:18:01 PM org.openqa.selenium.devtools.CdpVersionFinder findNearestMatch
WARNING: Unable to find an exact match for CDP version 140, returning the closest version; found: 139; Please update to a Selenium version that supports CDP version 140
]]></system-err>
  </testcase>
</testsuite>