<?xml version="1.0" encoding="UTF-8"?>
<!-- Generated by org.testng.reporters.JUnitReportReporter -->
<testsuite hostname="Adhvay" failures="0" tests="5" name="com.crm.qa.testcases.ContactsPageTest" time="36.119" errors="0" timestamp="2025-09-24T11:26:53 EDT" skipped="0">
  <testcase classname="com.crm.qa.testcases.ContactsPageTest" name="validateContactsLabelTest" time="6.883"/>
  <testcase classname="com.crm.qa.testcases.ContactsPageTest" name="validateSingleContactTest" time="7.156"/>
  <testcase classname="com.crm.qa.testcases.ContactsPageTest" name="validateCreateContactTest" time="7.495"/>
  <testcase classname="com.crm.qa.testcases.ContactsPageTest" name="validateCreateContactTest" time="7.275"/>
  <testcase classname="com.crm.qa.testcases.ContactsPageTest" name="validateCreateContactTest" time="7.310"/>
</testsuite> <!-- com.crm.qa.testcases.ContactsPageTest -->
