<?xml version="1.0" encoding="UTF-8"?>
<!-- Generated by org.testng.reporters.JUnitReportReporter -->
<testsuite hostname="Adhvay" failures="0" tests="3" name="com.crm.qa.testcases.LoginPageTest" time="16.292" errors="0" timestamp="2025-09-24T11:26:53 EDT" skipped="0">
  <testcase classname="com.crm.qa.testcases.LoginPageTest" name="loginPageTitleTest" time="3.964"/>
  <testcase classname="com.crm.qa.testcases.LoginPageTest" name="loginPageNavigation" time="6.547"/>
  <testcase classname="com.crm.qa.testcases.LoginPageTest" name="login" time="5.781"/>
</testsuite> <!-- com.crm.qa.testcases.LoginPageTest -->
