<?xml version="1.0" encoding="UTF-8"?>
<!-- Generated by org.testng.reporters.JUnitReportReporter -->
<testsuite hostname="Adhvay" failures="0" tests="2" name="com.crm.qa.testcases.HomePageTest" time="13.266" errors="0" timestamp="2025-09-24T11:26:53 EDT" skipped="0">
  <testcase classname="com.crm.qa.testcases.HomePageTest" name="validateUserNameTest" time="6.746"/>
  <testcase classname="com.crm.qa.testcases.HomePageTest" name="validateContactsLinkTest" time="6.520"/>
</testsuite> <!-- com.crm.qa.testcases.HomePageTest -->
