<?xml version="1.0" encoding="UTF-8"?>
<!-- Generated by org.testng.reporters.JUnitReportReporter -->
<testsuite hostname="Adhvay" failures="0" tests="5" name="com.crm.qa.testcases.ContactsPageTest" time="72.491" errors="0" timestamp="2025-09-24T22:18:12 EDT" skipped="0">
  <testcase classname="com.crm.qa.testcases.ContactsPageTest" name="validateContactsLabelTest" time="17.233"/>
  <testcase classname="com.crm.qa.testcases.ContactsPageTest" name="validateSingleContactTest" time="13.315"/>
  <testcase classname="com.crm.qa.testcases.ContactsPageTest" name="validateCreateContactTest" time="13.888"/>
  <testcase classname="com.crm.qa.testcases.ContactsPageTest" name="validateCreateContactTest" time="14.051"/>
  <testcase classname="com.crm.qa.testcases.ContactsPageTest" name="validateCreateContactTest" time="14.004"/>
</testsuite> <!-- com.crm.qa.testcases.ContactsPageTest -->
