<?xml version="1.0" encoding="UTF-8"?>
<!-- Generated by org.testng.reporters.JUnitReportReporter -->
<testsuite hostname="Adhvay" failures="0" tests="2" name="com.crm.qa.testcases.HomePageTest" time="23.644" errors="0" timestamp="2025-09-24T22:18:12 EDT" skipped="0">
  <testcase classname="com.crm.qa.testcases.HomePageTest" name="validateUserNameTest" time="11.685"/>
  <testcase classname="com.crm.qa.testcases.HomePageTest" name="validateContactsLinkTest" time="11.959"/>
</testsuite> <!-- com.crm.qa.testcases.HomePageTest -->
