<?xml version="1.0" encoding="UTF-8"?>
<!-- Generated by org.testng.reporters.JUnitReportReporter -->
<testsuite hostname="Adhvay" failures="0" tests="3" name="com.crm.qa.testcases.LoginPageTest" time="27.378" errors="0" timestamp="2025-09-24T22:18:12 EDT" skipped="0">
  <testcase classname="com.crm.qa.testcases.LoginPageTest" name="loginPageTitleTest" time="5.765"/>
  <testcase classname="com.crm.qa.testcases.LoginPageTest" name="loginPageNavigation" time="10.923"/>
  <testcase classname="com.crm.qa.testcases.LoginPageTest" name="login" time="10.690"/>
</testsuite> <!-- com.crm.qa.testcases.LoginPageTest -->
